<?xml version="1.0" encoding="UTF-8" ?>
<testsuite tests="1" failures="0" name="dubbo_common.com.kkdz.AppTest" time="0.003" errors="0" skipped="0">
  <properties>
    <property name="java.runtime.name" value="Java(TM) SE Runtime Environment"/>
    <property name="sun.boot.library.path" value="D:\work_program\jdk1.8.0_131\jre\bin"/>
    <property name="java.vm.version" value="25.131-b11"/>
    <property name="java.vm.vendor" value="Oracle Corporation"/>
    <property name="maven.multiModuleProjectDirectory" value="C:\Users\ZhangLong\workspace\dubbo-common"/>
    <property name="java.vendor.url" value="http://java.oracle.com/"/>
    <property name="path.separator" value=";"/>
    <property name="guice.disable.misplaced.annotation.check" value="true"/>
    <property name="java.vm.name" value="Java HotSpot(TM) 64-Bit Server VM"/>
    <property name="file.encoding.pkg" value="sun.io"/>
    <property name="user.script" value=""/>
    <property name="user.country" value="CN"/>
    <property name="sun.java.launcher" value="SUN_STANDARD"/>
    <property name="sun.os.patch.level" value=""/>
    <property name="java.vm.specification.name" value="Java Virtual Machine Specification"/>
    <property name="user.dir" value="C:\Users\ZhangLong\workspace\dubbo-common"/>
    <property name="java.runtime.version" value="1.8.0_131-b11"/>
    <property name="java.awt.graphicsenv" value="sun.awt.Win32GraphicsEnvironment"/>
    <property name="java.endorsed.dirs" value="D:\work_program\jdk1.8.0_131\jre\lib\endorsed"/>
    <property name="os.arch" value="amd64"/>
    <property name="java.io.tmpdir" value="C:\Users\ZHANGL~1\AppData\Local\Temp\"/>
    <property name="line.separator" value="
"/>
    <property name="java.vm.specification.vendor" value="Oracle Corporation"/>
    <property name="user.variant" value=""/>
    <property name="os.name" value="Windows 10"/>
    <property name="classworlds.conf" value="C:\Users\ZhangLong\workspace\.metadata\.plugins\org.eclipse.m2e.launching\launches\m2conf2218965437082951410.tmp"/>
    <property name="sun.jnu.encoding" value="GBK"/>
    <property name="java.library.path" value="D:\work_program\jdk1.8.0_131\bin;C:\WINDOWS\Sun\Java\bin;C:\WINDOWS\system32;C:\WINDOWS;D:/work_program/jre1.8.0_112/bin/server;D:/work_program/jre1.8.0_112/bin;D:/work_program/jre1.8.0_112/lib/amd64;C:\ProgramData\Oracle\Java\javapath;D:\Develop\apache-maven-3.3.9\bin;C:\WINDOWS\system32;C:\WINDOWS;C:\WINDOWS\System32\Wbem;C:\WINDOWS\System32\WindowsPowerShell\v1.0\;D:\work_program\instantclient_11_2;C:\Program Files\Git\cmd;D:\work_program\gradle-4.2.1\bin;C:\Program Files\nodejs\;C:\Program Files\MySQL\MySQL Server 5.5\bin;C:\Users\ZhangLong\AppData\Local\Microsoft\WindowsApps;C:\Users\ZhangLong\AppData\Roaming\npm;C:\Users\ZhangLong\AppData\Local\Microsoft\WindowsApps;%MAVEN_HOME%\bin;C:\Program Files\Mozilla Firefox;C:\Program Files\TortoiseSVN\bin;C:\Program Files\TortoiseGit\bin;C:\Program Files (x86)\Calibre2\;C:\Program Files\PuTTY\;C:\Program Files (x86)\Microsoft SQL Server\Client SDK\ODBC\130\Tools\Binn\;C:\Program Files (x86)\Microsoft SQL Server\140\Tools\Binn\;C:\Program Files (x86)\Microsoft SQL Server\140\DTS\Binn\;C:\Program Files (x86)\Microsoft SQL Server\140\Tools\Binn\ManagementStudio\;C:\PostgreSQL\pg11\bin;D:\work_program\jdk1.8.0_131bin;C:\Users\ZhangLong\AppData\Local\Programs\Python\Python37-32\Scripts\;C:\Users\ZhangLong\AppData\Local\Programs\Python\Python37-32\;C:\Users\ZhangLong\AppData\Local\Programs\Python\Launcher\;C:\Users\ZhangLong\AppData\Local\Microsoft\WindowsApps;C:\Users\ZhangLong\AppData\Roaming\npm;C:\Users\ZhangLong\AppData\Local\Microsoft\WindowsApps;C:\Users\ZhangLong\AppData\Local\Programs\Microsoft VS Code\bin;D:\work_program\eclipse-platform-4.9-win32-x86_64\eclipse;;."/>
    <property name="java.specification.name" value="Java Platform API Specification"/>
    <property name="java.class.version" value="52.0"/>
    <property name="sun.management.compiler" value="HotSpot 64-Bit Tiered Compilers"/>
    <property name="os.version" value="10.0"/>
    <property name="user.home" value="C:\Users\ZhangLong"/>
    <property name="user.timezone" value="Asia/Shanghai"/>
    <property name="java.awt.printerjob" value="sun.awt.windows.WPrinterJob"/>
    <property name="java.specification.version" value="1.8"/>
    <property name="file.encoding" value="UTF-8"/>
    <property name="user.name" value="ZhangLong"/>
    <property name="java.class.path" value="D:\work_program\eclipse-platform-4.9-win32-x86_64\eclipse\plugins\org.eclipse.m2e.maven.runtime_1.9.1.20180912-1600\jars\plexus-classworlds-2.5.2.jar"/>
    <property name="java.vm.specification.version" value="1.8"/>
    <property name="sun.arch.data.model" value="64"/>
    <property name="java.home" value="D:\work_program\jdk1.8.0_131\jre"/>
    <property name="sun.java.command" value="org.codehaus.plexus.classworlds.launcher.Launcher -B clean install"/>
    <property name="java.specification.vendor" value="Oracle Corporation"/>
    <property name="user.language" value="zh"/>
    <property name="awt.toolkit" value="sun.awt.windows.WToolkit"/>
    <property name="java.vm.info" value="mixed mode"/>
    <property name="java.version" value="1.8.0_131"/>
    <property name="java.ext.dirs" value="D:\work_program\jdk1.8.0_131\jre\lib\ext;C:\WINDOWS\Sun\Java\lib\ext"/>
    <property name="sun.boot.class.path" value="D:\work_program\jdk1.8.0_131\jre\lib\resources.jar;D:\work_program\jdk1.8.0_131\jre\lib\rt.jar;D:\work_program\jdk1.8.0_131\jre\lib\sunrsasign.jar;D:\work_program\jdk1.8.0_131\jre\lib\jsse.jar;D:\work_program\jdk1.8.0_131\jre\lib\jce.jar;D:\work_program\jdk1.8.0_131\jre\lib\charsets.jar;D:\work_program\jdk1.8.0_131\jre\lib\jfr.jar;D:\work_program\jdk1.8.0_131\jre\classes"/>
    <property name="java.vendor" value="Oracle Corporation"/>
    <property name="maven.home" value="C:\Users\ZhangLong\workspace\dubbo-common\EMBEDDED"/>
    <property name="file.separator" value="\"/>
    <property name="java.vendor.url.bug" value="http://bugreport.sun.com/bugreport/"/>
    <property name="sun.cpu.endian" value="little"/>
    <property name="sun.io.unicode.encoding" value="UnicodeLittle"/>
    <property name="sun.desktop" value="windows"/>
    <property name="sun.cpu.isalist" value="amd64"/>
  </properties>
  <testcase classname="dubbo_common.com.kkdz.AppTest" name="testApp" time="0.003"/>
</testsuite>